2025-04-28.12:07 Moving /home/gh0st/Downloads//1739332049727.jpeg => /home/gh0st/ARCHIVE_2025-04-28/Images
2025-04-28.12:07 Moving /home/gh0st/Downloads//70-wacom.conf => /home/gh0st/ARCHIVE_2025-04-28/Other
2025-04-28.12:07 Moving /home/gh0st/Downloads//Benefits Selection 194918208_client.pdf => /home/gh0st/ARCHIVE_2025-04-28/Documents
2025-04-28.12:07 Moving /home/gh0st/Downloads//Berserk 1997.tgz => /home/gh0st/ARCHIVE_2025-04-28/Other
2025-04-28.12:07 Moving /home/gh0st/Downloads//berserk_contents.txt => /home/gh0st/ARCHIVE_2025-04-28/Documents
2025-04-28.12:07 Moving /home/gh0st/Downloads//Complete_with_Docusign_Release__-_2025-03-12.pdf => /home/gh0st/ARCHIVE_2025-04-28/Documents
2025-04-28.12:07 Moving /home/gh0st/Downloads//document_contents.txt => /home/gh0st/ARCHIVE_2025-04-28/Documents
2025-04-28.12:07 Moving /home/gh0st/Downloads//Documents.tgz => /home/gh0st/ARCHIVE_2025-04-28/Other
2025-04-28.12:07 Moving /home/gh0st/Downloads//Dropbox_bak.tgz => /home/gh0st/ARCHIVE_2025-04-28/Other
2025-04-28.12:07 Moving /home/gh0st/Downloads//dropbox_contentx.txt => /home/gh0st/ARCHIVE_2025-04-28/Documents
2025-04-28.12:07 Moving /home/gh0st/Downloads//F6LdKmPWIAA6GaA.jpeg => /home/gh0st/ARCHIVE_2025-04-28/Images
2025-04-28.12:07 Moving /home/gh0st/Downloads//Gjs67k8WQAAZxSQ.jpeg => /home/gh0st/ARCHIVE_2025-04-28/Images
2025-04-28.12:07 Moving /home/gh0st/Downloads//GjwiF1nW8AAzUNK.jpeg => /home/gh0st/ARCHIVE_2025-04-28/Images
2025-04-28.12:07 Moving /home/gh0st/Downloads//Gl2MDEjW0AAy5Hb.jpeg => /home/gh0st/ARCHIVE_2025-04-28/Images
2025-04-28.12:07 Moving /home/gh0st/Downloads//Gldwq3-WgAA2Nwq.jpeg => /home/gh0st/ARCHIVE_2025-04-28/Images
2025-04-28.12:07 Moving /home/gh0st/Downloads//Letter_10222024_120511.pdf => /home/gh0st/ARCHIVE_2025-04-28/Documents
2025-04-28.12:07 Moving /home/gh0st/Downloads//man-male-face-portrait-front-profile-side-view-vector-41405585-3543575621.jpg => /home/gh0st/ARCHIVE_2025-04-28/Images
2025-04-28.12:07 Moving /home/gh0st/Downloads//Medical-Services Card.pdf => /home/gh0st/ARCHIVE_2025-04-28/Documents
2025-04-28.12:07 Moving /home/gh0st/Downloads//ubuntu-24.10-desktop-amd64.iso => /home/gh0st/ARCHIVE_2025-04-28/Other
2025-04-28.12:07 Moving /home/gh0st/Downloads//Win10_22H2_English_x64v1.iso => /home/gh0st/ARCHIVE_2025-04-28/Other
2025-04-28.12:07 Moving /home/gh0st/Downloads//_xIjxUJaRz1M5VlWl2POT2tLbRB_WOC7zDMtXP-Buxw.jpeg => /home/gh0st/ARCHIVE_2025-04-28/Images
